start running
epoch       main/accuracy  validation/main/accuracy
[J1           0.05           0.01                      
[J2           0.04           0.05                      
[J3           0.05           0.03                      
[J4           0.05           0.02                      
[J5           0.08           0.04                      
[J     total [..................................................]  1.00%
this epoch [..................................................]  0.00%
       100 iter, 5 epoch / 500 epochs
       inf iters/sec. Estimated time to finish: 0:00:00.
[4A[J6           0.09           0.07                      
[J7           0.08           0.02                      
[J8           0.12           0.02                      
[J9           0.12           0.05                      
[J10          0.16           0.08                      
[J     total [#.................................................]  2.00%
this epoch [..................................................]  0.00%
       200 iter, 10 epoch / 500 epochs
   0.12368 iters/sec. Estimated time to finish: 22:00:38.228391.
[4A[J11          0.13           0.02                      
[J12          0.17           0.03                      
[J13          0.18           0.06                      
[J14          0.17           0.08                      
[J15          0.23           0.04                      
[J     total [#.................................................]  3.00%
this epoch [..................................................]  0.00%
       300 iter, 15 epoch / 500 epochs
   0.12355 iters/sec. Estimated time to finish: 21:48:30.717095.
[4A[J16          0.2            0.08                      
[J17          0.37           0.09                      
[J18          0.39           0.09                      
[J19          0.43           0.08                      
[J20          0.63           0.11                      
[J     total [##................................................]  4.00%
this epoch [..................................................]  0.00%
       400 iter, 20 epoch / 500 epochs
   0.12355 iters/sec. Estimated time to finish: 21:35:02.304214.
[4A[J21          0.76           0.05                      
[J22          0.86           0.12                      
[J23          0.94           0.16                      
[J24          0.86           0.03                      
[J25          0.51           0.11                      
[J     total [##................................................]  5.00%
this epoch [..................................................]  0.00%
       500 iter, 25 epoch / 500 epochs
   0.12355 iters/sec. Estimated time to finish: 21:21:33.718024.
[4A[J26          0.81           0.19                      
[J27          1              0.18                      
[J28          1              0.19                      
[J29          1              0.2                       
[J30          1              0.2                       
[J     total [###...............................................]  6.00%
this epoch [..................................................]  0.00%
       600 iter, 30 epoch / 500 epochs
   0.12356 iters/sec. Estimated time to finish: 21:07:58.364373.
[4ATraceback (most recent call last):
  File "word_chainer_with_cuda.py", line 44, in <module>
    parser = argparse.ArgumentParser()
NameError: name 'argparse' is not defined
